<?xml version="1.0" encoding="UTF-8"?>
<!-- Generated by org.testng.reporters.JUnitXMLReporter -->
<testsuite ignored="0" hostname="LAPTOP-8LKTCC8P" failures="0" tests="8" name="Test" time="536.438" errors="0" timestamp="2023-12-26T01:41:26 IST">
  <testcase classname="org.testing.Testscripts.TC2" name="Test2" time="36.415"/>
  <testcase classname="org.testing.Testscripts.TC1" name="Test1" time="36.36"/>
  <testcase classname="org.testing.Testscripts.TC4" name="Test4" time="53.593"/>
  <testcase classname="org.testing.Testscripts.TC3" name="Test3" time="37.103"/>
  <testcase classname="org.testing.Testscripts.TC6" name="Test6" time="167.887"/>
  <testcase classname="org.testing.Testscripts.TC5" name="Test5" time="49.758"/>
  <testcase classname="org.testing.Testscripts.TC8" name="Test8" time="36.174"/>
  <testcase classname="org.testing.Testscripts.TC7" name="Test7" time="39.937"/>
</testsuite> <!-- Test -->
