<?xml version="1.0" encoding="UTF-8"?>
<!-- Generated by org.testng.reporters.JUnitXMLReporter -->
<testsuite ignored="0" hostname="LAPTOP-8LKTCC8P" failures="0" tests="7" name="Command line test d7481f17-f443-4426-83e3-e141e9aee2c5" time="355.691" errors="0" timestamp="2023-12-27T00:08:49 IST">
  <testcase classname="org.testing.Testscripts.TC1" name="Test1" time="38.066"/>
  <testcase classname="org.testing.Testscripts.TC2" name="Test2" time="35.989"/>
  <testcase classname="org.testing.Testscripts.TC3" name="Test3" time="36.854"/>
  <testcase classname="org.testing.Testscripts.TC4" name="Test4" time="53.7"/>
  <testcase classname="org.testing.Testscripts.TC5" name="Test5" time="49.358"/>
  <testcase classname="org.testing.Testscripts.TC7" name="Test7" time="40.282"/>
  <testcase classname="org.testing.Testscripts.TC8" name="Test8" time="35.581"/>
</testsuite> <!-- Command line test d7481f17-f443-4426-83e3-e141e9aee2c5 -->
