<?xml version="1.0" encoding="UTF-8"?>
<!-- Generated by org.testng.reporters.JUnitXMLReporter -->
<testsuite ignored="0" hostname="LAPTOP-8LKTCC8P" failures="0" tests="7" name="Command line test 535d58a6-c3f0-4c76-a7eb-6143a7f083cf" time="421.651" errors="0" timestamp="2023-12-26T19:33:44 IST">
  <testcase classname="org.testing.Testscripts.TC1" name="Test1" time="41.342"/>
  <testcase classname="org.testing.Testscripts.TC2" name="Test2" time="41.211"/>
  <testcase classname="org.testing.Testscripts.TC3" name="Test3" time="41.033"/>
  <testcase classname="org.testing.Testscripts.TC4" name="Test4" time="62.076"/>
  <testcase classname="org.testing.Testscripts.TC5" name="Test5" time="56.257"/>
  <testcase classname="org.testing.Testscripts.TC7" name="Test7" time="45.214"/>
  <testcase classname="org.testing.Testscripts.TC8" name="Test8" time="39.387"/>
</testsuite> <!-- Command line test 535d58a6-c3f0-4c76-a7eb-6143a7f083cf -->
