<?xml version="1.0" encoding="UTF-8"?>
<testng-results ignored="0" total="1" passed="1" failed="0" skipped="0">
  <reporter-output>
  </reporter-output>
  <suite started-at="2023-12-28T17:44:04 IST" name="Default suite" finished-at="2023-12-28T17:44:56 IST" duration-ms="52236">
    <groups>
    </groups>
    <test started-at="2023-12-28T17:44:04 IST" name="Default test" finished-at="2023-12-28T17:44:56 IST" duration-ms="52236">
      <class name="org.testing.Testscripts.TC1">
        <test-method is-config="true" signature="browserLaunch()[pri:0, instance:org.testing.Testscripts.TC1@18df8434]" started-at="2023-12-28T17:44:04 IST" name="browserLaunch" finished-at="2023-12-28T17:44:12 IST" duration-ms="7548" status="PASS">
          <reporter-output>
          </reporter-output>
        </test-method> <!-- browserLaunch -->
        <test-method signature="Test1()[pri:0, instance:org.testing.Testscripts.TC1@18df8434]" started-at="2023-12-28T17:44:12 IST" name="Test1" finished-at="2023-12-28T17:44:52 IST" duration-ms="40395" status="PASS">
          <reporter-output>
          </reporter-output>
        </test-method> <!-- Test1 -->
        <test-method is-config="true" signature="browserClose()[pri:0, instance:org.testing.Testscripts.TC1@18df8434]" started-at="2023-12-28T17:44:52 IST" name="browserClose" finished-at="2023-12-28T17:44:56 IST" duration-ms="4215" status="PASS">
          <reporter-output>
          </reporter-output>
        </test-method> <!-- browserClose -->
      </class> <!-- org.testing.Testscripts.TC1 -->
    </test> <!-- Default test -->
  </suite> <!-- Default suite -->
</testng-results>
